

***********************************************************************
Fatal OSN connect error 12154, connecting to:
 NT

  VERSION INFORMATION:
	TNS for 32-bit Windows: Version 2.3.2.1.0 - Production
  Time: 19-JUN-07 10:37:16
  Tracing not turned on.


***********************************************************************
Fatal OSN connect error 12154, connecting to:
 NT

  VERSION INFORMATION:
	TNS for 32-bit Windows: Version 2.3.2.1.0 - Production
  Time: 19-JUN-07 10:37:17
  Tracing not turned on.


***********************************************************************
Fatal OSN connect error 12154, connecting to:
 NT

  VERSION INFORMATION:
	TNS for 32-bit Windows: Version 2.3.2.1.0 - Production
  Time: 19-JUN-07 10:37:18
  Tracing not turned on.
